<?xml version="1.0" encoding="UTF-8"?>
<testsuite name="com.gaelcraves.project3.GaelCravings_Backend.GaelCravingsBackendApplicationTests" tests="1" skipped="0" failures="0" errors="0" timestamp="2025-10-30T07:20:38.943Z" hostname="MacBook-Pro-10.local" time="0.621">
  <properties/>
  <testcase name="contextLoads()" classname="com.gaelcraves.project3.GaelCravings_Backend.GaelCravingsBackendApplicationTests" time="0.621"/>
  <system-out><![CDATA[03:20:35.276 [Test worker] INFO org.springframework.test.context.support.AnnotationConfigContextLoaderUtils -- Could not detect default configuration classes for test class [com.gaelcraves.project3.GaelCravings_Backend.GaelCravingsBackendApplicationTests]: GaelCravingsBackendApplicationTests does not declare any static, non-private, non-final, nested classes annotated with @Configuration.
03:20:35.380 [Test worker] INFO org.springframework.boot.test.context.SpringBootTestContextBootstrapper -- Found @SpringBootConfiguration com.gaelcraves.project3.GaelCravings_Backend.GaelCravingsBackendApplication for test class com.gaelcraves.project3.GaelCravings_Backend.GaelCravingsBackendApplicationTests

  .   ____          _            __ _ _
 /\\ / ___'_ __ _ _(_)_ __  __ _ \ \ \ \
( ( )\___ | '_ | '_| | '_ \/ _` | \ \ \ \
 \\/  ___)| |_)| | | | | || (_| |  ) ) ) )
  '  |____| .__|_| |_|_| |_\__, | / / / /
 =========|_|==============|___/=/_/_/_/

 :: Spring Boot ::                (v3.5.7)

2025-10-30T03:20:35.834-04:00  INFO 61329 --- [GaelCravings_Backend] [    Test worker] .p.G.GaelCravingsBackendApplicationTests : Starting GaelCravingsBackendApplicationTests using Java 21.0.4 with PID 61329 (started by iamsergio in /Users/iamsergio/Desktop/GaelCraves_Backend)
2025-10-30T03:20:35.835-04:00  INFO 61329 --- [GaelCravings_Backend] [    Test worker] .p.G.GaelCravingsBackendApplicationTests : No active profile set, falling back to 1 default profile: "default"
2025-10-30T03:20:36.766-04:00  INFO 61329 --- [GaelCravings_Backend] [    Test worker] .s.d.r.c.RepositoryConfigurationDelegate : Bootstrapping Spring Data JPA repositories in DEFAULT mode.
2025-10-30T03:20:36.794-04:00  INFO 61329 --- [GaelCravings_Backend] [    Test worker] .s.d.r.c.RepositoryConfigurationDelegate : Finished Spring Data repository scanning in 15 ms. Found 0 JPA repository interfaces.
2025-10-30T03:20:37.287-04:00  INFO 61329 --- [GaelCravings_Backend] [    Test worker] com.zaxxer.hikari.HikariDataSource       : HikariPool-1 - Starting...
2025-10-30T03:20:37.401-04:00  INFO 61329 --- [GaelCravings_Backend] [    Test worker] com.zaxxer.hikari.pool.HikariPool        : HikariPool-1 - Added connection conn0: url=jdbc:h2:mem:d266640c-fc2a-4633-b07b-6803cd0c6e55 user=SA
2025-10-30T03:20:37.403-04:00  INFO 61329 --- [GaelCravings_Backend] [    Test worker] com.zaxxer.hikari.HikariDataSource       : HikariPool-1 - Start completed.
2025-10-30T03:20:37.617-04:00  INFO 61329 --- [GaelCravings_Backend] [    Test worker] o.hibernate.jpa.internal.util.LogHelper  : HHH000204: Processing PersistenceUnitInfo [name: default]
2025-10-30T03:20:37.657-04:00  INFO 61329 --- [GaelCravings_Backend] [    Test worker] org.hibernate.Version                    : HHH000412: Hibernate ORM core version 6.6.33.Final
2025-10-30T03:20:37.706-04:00  INFO 61329 --- [GaelCravings_Backend] [    Test worker] o.h.c.internal.RegionFactoryInitiator    : HHH000026: Second-level cache disabled
2025-10-30T03:20:37.896-04:00  INFO 61329 --- [GaelCravings_Backend] [    Test worker] o.s.o.j.p.SpringPersistenceUnitInfo      : No LoadTimeWeaver setup: ignoring JPA class transformer
2025-10-30T03:20:37.947-04:00  INFO 61329 --- [GaelCravings_Backend] [    Test worker] org.hibernate.orm.connections.pooling    : HHH10001005: Database info:
	Database JDBC URL [Connecting through datasource 'HikariDataSource (HikariPool-1)']
	Database driver: undefined/unknown
	Database version: 2.3.232
	Autocommit mode: undefined/unknown
	Isolation level: undefined/unknown
	Minimum pool size: undefined/unknown
	Maximum pool size: undefined/unknown
2025-10-30T03:20:38.126-04:00  INFO 61329 --- [GaelCravings_Backend] [    Test worker] o.h.e.t.j.p.i.JtaPlatformInitiator       : HHH000489: No JTA platform available (set 'hibernate.transaction.jta.platform' to enable JTA platform integration)
2025-10-30T03:20:38.128-04:00  INFO 61329 --- [GaelCravings_Backend] [    Test worker] j.LocalContainerEntityManagerFactoryBean : Initialized JPA EntityManagerFactory for persistence unit 'default'
2025-10-30T03:20:38.345-04:00  WARN 61329 --- [GaelCravings_Backend] [    Test worker] JpaBaseConfiguration$JpaWebConfiguration : spring.jpa.open-in-view is enabled by default. Therefore, database queries may be performed during view rendering. Explicitly configure spring.jpa.open-in-view to disable this warning
2025-10-30T03:20:38.927-04:00  INFO 61329 --- [GaelCravings_Backend] [    Test worker] .p.G.GaelCravingsBackendApplicationTests : Started GaelCravingsBackendApplicationTests in 3.391 seconds (process running for 4.584)
]]></system-out>
  <system-err><![CDATA[Mockito is currently self-attaching to enable the inline-mock-maker. This will no longer work in future releases of the JDK. Please add Mockito as an agent to your build as described in Mockito's documentation: https://javadoc.io/doc/org.mockito/mockito-core/latest/org.mockito/org/mockito/Mockito.html#0.3
WARNING: A Java agent has been loaded dynamically (/Users/iamsergio/.gradle/caches/modules-2/files-2.1/net.bytebuddy/byte-buddy-agent/1.17.8/f09415827a71be7ed621c7bd02550678f28bc81c/byte-buddy-agent-1.17.8.jar)
WARNING: If a serviceability tool is in use, please run with -XX:+EnableDynamicAgentLoading to hide this warning
WARNING: If a serviceability tool is not in use, please run with -Djdk.instrument.traceUsage for more information
WARNING: Dynamic loading of agents will be disallowed by default in a future release
]]></system-err>
</testsuite>
