<?xml version="1.0" encoding="UTF-8"?>
<testsuite name="com.gaelcraves.project3.GaelCravings_Backend.GaelCravingsBackendApplicationTests" tests="1" skipped="1" failures="0" errors="0" timestamp="2025-11-06T07:27:46.822Z" hostname="Jean-Lucs-MacBook-Pro.local" time="0.0">
  <properties/>
  <testcase name="contextLoads()" classname="com.gaelcraves.project3.GaelCravings_Backend.GaelCravingsBackendApplicationTests" time="0.0">
    <skipped/>
  </testcase>
  <system-out><![CDATA[]]></system-out>
  <system-err><![CDATA[]]></system-err>
</testsuite>
